app/build/outputs/logs/manifest-merger-debug-report.txt
-- Merging decision tree log ---
manifest
ADDED from src/main/AndroidManifest.xml:20:1-126:12
INJECTED from src/main/AndroidManifest.xml:20:1-126:12
INJECTED from src/main/AndroidManifest.xml:20:1-126:12
	package
		ADDED from src/main/AndroidManifest.xml:22:5-35
		INJECTED from src/main/AndroidManifest.xml
		INJECTED from src/main/AndroidManifest.xml
	android:sharedUserLabel
		ADDED from src/main/AndroidManifest.xml:24:5-47
	android:sharedUserId
		ADDED from src/main/AndroidManifest.xml:23:5-46
	xmlns:android
		ADDED from src/main/AndroidManifest.xml:21:5-63
permission#com.android.launcher.permission.INSTALL_SHORTCUT
ADDED from src/main/AndroidManifest.xml:26:5-31:67
	android:label
		ADDED from src/main/AndroidManifest.xml:30:9-57
	android:protectionLevel
		ADDED from src/main/AndroidManifest.xml:29:9-41
	android:permissionGroup
		ADDED from src/main/AndroidManifest.xml:28:9-72
	android:description
		ADDED from src/main/AndroidManifest.xml:31:9-64
	android:name
		ADDED from src/main/AndroidManifest.xml:27:9-72
permission#com.android.launcher.permission.UNINSTALL_SHORTCUT
ADDED from src/main/AndroidManifest.xml:32:5-37:68
	android:label
		ADDED from src/main/AndroidManifest.xml:36:9-59
	android:protectionLevel
		ADDED from src/main/AndroidManifest.xml:35:9-41
	android:permissionGroup
		ADDED from src/main/AndroidManifest.xml:34:9-72
	android:description
		ADDED from src/main/AndroidManifest.xml:37:9-66
	android:name
		ADDED from src/main/AndroidManifest.xml:33:9-74
permission#com.android.launcher.permission.READ_SETTINGS
ADDED from src/main/AndroidManifest.xml:38:5-43:63
	android:label
		ADDED from src/main/AndroidManifest.xml:42:9-54
	android:protectionLevel
		ADDED from src/main/AndroidManifest.xml:41:9-41
	android:permissionGroup
		ADDED from src/main/AndroidManifest.xml:40:9-72
	android:description
		ADDED from src/main/AndroidManifest.xml:43:9-61
	android:name
		ADDED from src/main/AndroidManifest.xml:39:9-69
permission#com.android.launcher.permission.WRITE_SETTINGS
ADDED from src/main/AndroidManifest.xml:44:5-49:64
	android:label
		ADDED from src/main/AndroidManifest.xml:48:9-55
	android:protectionLevel
		ADDED from src/main/AndroidManifest.xml:47:9-41
	android:permissionGroup
		ADDED from src/main/AndroidManifest.xml:46:9-72
	android:description
		ADDED from src/main/AndroidManifest.xml:49:9-62
	android:name
		ADDED from src/main/AndroidManifest.xml:45:9-70
uses-permission#android.permission.CALL_PHONE
ADDED from src/main/AndroidManifest.xml:51:5-69
	android:name
		ADDED from src/main/AndroidManifest.xml:51:22-66
uses-permission#android.permission.EXPAND_STATUS_BAR
ADDED from src/main/AndroidManifest.xml:52:5-76
	android:name
		ADDED from src/main/AndroidManifest.xml:52:22-73
uses-permission#android.permission.GET_TASKS
ADDED from src/main/AndroidManifest.xml:53:5-68
	android:name
		ADDED from src/main/AndroidManifest.xml:53:22-65
uses-permission#android.permission.READ_CONTACTS
ADDED from src/main/AndroidManifest.xml:54:5-71
	android:name
		ADDED from src/main/AndroidManifest.xml:54:22-69
uses-permission#android.permission.SET_WALLPAPER
ADDED from src/main/AndroidManifest.xml:55:5-72
	android:name
		ADDED from src/main/AndroidManifest.xml:55:22-69
uses-permission#android.permission.SET_WALLPAPER_HINTS
ADDED from src/main/AndroidManifest.xml:56:5-78
	android:name
		ADDED from src/main/AndroidManifest.xml:56:22-75
uses-permission#android.permission.VIBRATE
ADDED from src/main/AndroidManifest.xml:57:5-66
	android:name
		ADDED from src/main/AndroidManifest.xml:57:22-63
uses-permission#android.permission.WRITE_SETTINGS
ADDED from src/main/AndroidManifest.xml:58:5-73
	android:name
		ADDED from src/main/AndroidManifest.xml:58:22-70
uses-permission#android.permission.BIND_APPWIDGET
ADDED from src/main/AndroidManifest.xml:59:5-73
	android:name
		ADDED from src/main/AndroidManifest.xml:59:22-70
uses-permission#com.android.launcher.permission.READ_SETTINGS
ADDED from src/main/AndroidManifest.xml:60:5-85
	android:name
		ADDED from src/main/AndroidManifest.xml:60:22-82
uses-permission#com.android.launcher.permission.WRITE_SETTINGS
ADDED from src/main/AndroidManifest.xml:61:5-86
	android:name
		ADDED from src/main/AndroidManifest.xml:61:22-83
application
ADDED from src/main/AndroidManifest.xml:63:5-125:19
	android:process
		ADDED from src/main/AndroidManifest.xml:65:9-48
	android:label
		ADDED from src/main/AndroidManifest.xml:66:9-49
	android:icon
		ADDED from src/main/AndroidManifest.xml:67:9-50
	android:name
		ADDED from src/main/AndroidManifest.xml:64:9-43
activity#com.android.launcher.Launcher
ADDED from src/main/AndroidManifest.xml:69:9-83:20
	android:screenOrientation
		ADDED from src/main/AndroidManifest.xml:75:13-49
	android:clearTaskOnLaunch
		ADDED from src/main/AndroidManifest.xml:72:13-45
	android:stateNotNeeded
		ADDED from src/main/AndroidManifest.xml:73:13-42
	android:launchMode
		ADDED from src/main/AndroidManifest.xml:71:13-44
	android:windowSoftInputMode
		ADDED from src/main/AndroidManifest.xml:76:13-69
	android:theme
		ADDED from src/main/AndroidManifest.xml:74:13-41
	android:name
		ADDED from src/main/AndroidManifest.xml:70:13-36
intent-filter#action:name:android.intent.action.MAIN+category:name:android.intent.category.DEFAULT+category:name:android.intent.category.HOME+category:name:android.intent.category.MONKEY
ADDED from src/main/AndroidManifest.xml:77:13-82:29
action#android.intent.action.MAIN
ADDED from src/main/AndroidManifest.xml:78:17-69
	android:name
		ADDED from src/main/AndroidManifest.xml:78:25-66
category#android.intent.category.HOME
ADDED from src/main/AndroidManifest.xml:79:17-72
	android:name
		ADDED from src/main/AndroidManifest.xml:79:27-70
category#android.intent.category.DEFAULT
ADDED from src/main/AndroidManifest.xml:80:17-76
	android:name
		ADDED from src/main/AndroidManifest.xml:80:27-73
category#android.intent.category.MONKEY
ADDED from src/main/AndroidManifest.xml:81:17-75
	android:name
		ADDED from src/main/AndroidManifest.xml:81:27-72
activity#com.android.launcher.WallpaperChooser
ADDED from src/main/AndroidManifest.xml:85:9-93:20
	android:label
		ADDED from src/main/AndroidManifest.xml:87:13-51
	android:icon
		ADDED from src/main/AndroidManifest.xml:88:13-57
	android:name
		ADDED from src/main/AndroidManifest.xml:86:13-44
intent-filter#action:name:android.intent.action.SET_WALLPAPER+category:name:android.intent.category.DEFAULT
ADDED from src/main/AndroidManifest.xml:89:13-92:29
action#android.intent.action.SET_WALLPAPER
ADDED from src/main/AndroidManifest.xml:90:17-78
	android:name
		ADDED from src/main/AndroidManifest.xml:90:25-75
meta-data#android.app.default_searchable
ADDED from src/main/AndroidManifest.xml:96:9-98:33
	android:value
		ADDED from src/main/AndroidManifest.xml:98:13-30
	android:name
		ADDED from src/main/AndroidManifest.xml:97:13-58
receiver#com.android.launcher.InstallShortcutReceiver
ADDED from src/main/AndroidManifest.xml:101:9-107:20
	android:permission
		ADDED from src/main/AndroidManifest.xml:103:13-82
	android:name
		ADDED from src/main/AndroidManifest.xml:102:13-52
intent-filter#action:name:com.android.launcher.action.INSTALL_SHORTCUT
ADDED from src/main/AndroidManifest.xml:104:13-106:29
action#com.android.launcher.action.INSTALL_SHORTCUT
ADDED from src/main/AndroidManifest.xml:105:17-87
	android:name
		ADDED from src/main/AndroidManifest.xml:105:25-84
receiver#com.android.launcher.UninstallShortcutReceiver
ADDED from src/main/AndroidManifest.xml:110:9-116:20
	android:permission
		ADDED from src/main/AndroidManifest.xml:112:13-84
	android:name
		ADDED from src/main/AndroidManifest.xml:111:13-54
intent-filter#action:name:com.android.launcher.action.UNINSTALL_SHORTCUT
ADDED from src/main/AndroidManifest.xml:113:13-115:29
action#com.android.launcher.action.UNINSTALL_SHORTCUT
ADDED from src/main/AndroidManifest.xml:114:17-89
	android:name
		ADDED from src/main/AndroidManifest.xml:114:25-86
provider#com.android.launcher.LauncherProvider
ADDED from src/main/AndroidManifest.xml:119:9-123:86
	android:readPermission
		ADDED from src/main/AndroidManifest.xml:123:13-83
	android:authorities
		ADDED from src/main/AndroidManifest.xml:121:13-64
	android:writePermission
		ADDED from src/main/AndroidManifest.xml:122:13-85
	android:name
		ADDED from src/main/AndroidManifest.xml:120:13-44